<?xml version="1.0" encoding="UTF-8"?>
<testsuite xmlns:xsi="http://www.w3.org/2001/XMLSchema-instance" xsi:noNamespaceSchemaLocation="https://maven.apache.org/surefire/maven-surefire-plugin/xsd/surefire-test-report-3.0.xsd" version="3.0" name="runners.SmokeTestRunner" time="8.792" tests="2" errors="0" skipped="0" failures="2">
  <properties>
    <property name="gopherProxySet" value="false"/>
    <property name="awt.toolkit" value="sun.lwawt.macosx.LWCToolkit"/>
    <property name="java.specification.version" value="11"/>
    <property name="sun.cpu.isalist" value=""/>
    <property name="sun.jnu.encoding" value="UTF-8"/>
    <property name="java.class.path" value="/Users/vcons/Downloads/test-automation-patentrenewal/target/test-classes:/Users/vcons/Downloads/test-automation-patentrenewal/target/classes:/Users/vcons/.m2/repository/io/appium/java-client/7.5.1/java-client-7.5.1.jar:/Users/vcons/.m2/repository/org/apache/httpcomponents/httpclient/4.5.13/httpclient-4.5.13.jar:/Users/vcons/.m2/repository/org/apache/httpcomponents/httpcore/4.4.13/httpcore-4.4.13.jar:/Users/vcons/.m2/repository/commons-logging/commons-logging/1.2/commons-logging-1.2.jar:/Users/vcons/.m2/repository/commons-validator/commons-validator/1.7/commons-validator-1.7.jar:/Users/vcons/.m2/repository/commons-beanutils/commons-beanutils/1.9.4/commons-beanutils-1.9.4.jar:/Users/vcons/.m2/repository/commons-digester/commons-digester/2.1/commons-digester-2.1.jar:/Users/vcons/.m2/repository/commons-collections/commons-collections/3.2.2/commons-collections-3.2.2.jar:/Users/vcons/.m2/repository/org/apache/commons/commons-lang3/3.12.0/commons-lang3-3.12.0.jar:/Users/vcons/.m2/repository/org/springframework/spring-context/5.3.4/spring-context-5.3.4.jar:/Users/vcons/.m2/repository/org/springframework/spring-aop/5.3.4/spring-aop-5.3.4.jar:/Users/vcons/.m2/repository/org/springframework/spring-beans/5.3.4/spring-beans-5.3.4.jar:/Users/vcons/.m2/repository/org/springframework/spring-core/5.3.4/spring-core-5.3.4.jar:/Users/vcons/.m2/repository/org/springframework/spring-jcl/5.3.4/spring-jcl-5.3.4.jar:/Users/vcons/.m2/repository/org/springframework/spring-expression/5.3.4/spring-expression-5.3.4.jar:/Users/vcons/.m2/repository/org/aspectj/aspectjweaver/1.9.6/aspectjweaver-1.9.6.jar:/Users/vcons/.m2/repository/com/github/javafaker/javafaker/1.0.2/javafaker-1.0.2.jar:/Users/vcons/.m2/repository/org/yaml/snakeyaml/1.23/snakeyaml-1.23-android.jar:/Users/vcons/.m2/repository/com/github/mifmif/generex/1.0.2/generex-1.0.2.jar:/Users/vcons/.m2/repository/dk/brics/automaton/automaton/1.11-8/automaton-1.11-8.jar:/Users/vcons/.m2/repository/org/junit/jupiter/junit-jupiter-api/5.8.2/junit-jupiter-api-5.8.2.jar:/Users/vcons/.m2/repository/org/opentest4j/opentest4j/1.2.0/opentest4j-1.2.0.jar:/Users/vcons/.m2/repository/org/junit/platform/junit-platform-commons/1.8.2/junit-platform-commons-1.8.2.jar:/Users/vcons/.m2/repository/org/apiguardian/apiguardian-api/1.1.2/apiguardian-api-1.1.2.jar:/Users/vcons/.m2/repository/org/junit/jupiter/junit-jupiter-engine/5.8.1/junit-jupiter-engine-5.8.1.jar:/Users/vcons/.m2/repository/org/junit/platform/junit-platform-engine/1.8.1/junit-platform-engine-1.8.1.jar:/Users/vcons/.m2/repository/org/junit/jupiter/junit-jupiter-params/5.8.1/junit-jupiter-params-5.8.1.jar:/Users/vcons/.m2/repository/cglib/cglib/3.3.0/cglib-3.3.0.jar:/Users/vcons/.m2/repository/org/ow2/asm/asm/7.1/asm-7.1.jar:/Users/vcons/.m2/repository/org/seleniumhq/selenium/selenium-api/3.141.59/selenium-api-3.141.59.jar:/Users/vcons/.m2/repository/org/seleniumhq/selenium/selenium-java/3.141.59/selenium-java-3.141.59.jar:/Users/vcons/.m2/repository/org/seleniumhq/selenium/selenium-chrome-driver/3.141.59/selenium-chrome-driver-3.141.59.jar:/Users/vcons/.m2/repository/org/seleniumhq/selenium/selenium-edge-driver/3.141.59/selenium-edge-driver-3.141.59.jar:/Users/vcons/.m2/repository/org/seleniumhq/selenium/selenium-firefox-driver/3.141.59/selenium-firefox-driver-3.141.59.jar:/Users/vcons/.m2/repository/org/seleniumhq/selenium/selenium-ie-driver/3.141.59/selenium-ie-driver-3.141.59.jar:/Users/vcons/.m2/repository/org/seleniumhq/selenium/selenium-opera-driver/3.141.59/selenium-opera-driver-3.141.59.jar:/Users/vcons/.m2/repository/org/seleniumhq/selenium/selenium-safari-driver/3.141.59/selenium-safari-driver-3.141.59.jar:/Users/vcons/.m2/repository/net/bytebuddy/byte-buddy/1.8.15/byte-buddy-1.8.15.jar:/Users/vcons/.m2/repository/org/apache/commons/commons-exec/1.3/commons-exec-1.3.jar:/Users/vcons/.m2/repository/com/squareup/okhttp3/okhttp/3.11.0/okhttp-3.11.0.jar:/Users/vcons/.m2/repository/com/squareup/okio/okio/1.14.0/okio-1.14.0.jar:/Users/vcons/.m2/repository/org/seleniumhq/selenium/selenium-remote-driver/3.141.59/selenium-remote-driver-3.141.59.jar:/Users/vcons/.m2/repository/org/seleniumhq/selenium/selenium-support/3.141.59/selenium-support-3.141.59.jar:/Users/vcons/.m2/repository/com/google/guava/guava/31.1-jre/guava-31.1-jre.jar:/Users/vcons/.m2/repository/com/google/guava/failureaccess/1.0.1/failureaccess-1.0.1.jar:/Users/vcons/.m2/repository/com/google/guava/listenablefuture/9999.0-empty-to-avoid-conflict-with-guava/listenablefuture-9999.0-empty-to-avoid-conflict-with-guava.jar:/Users/vcons/.m2/repository/com/google/code/findbugs/jsr305/3.0.2/jsr305-3.0.2.jar:/Users/vcons/.m2/repository/org/checkerframework/checker-qual/3.12.0/checker-qual-3.12.0.jar:/Users/vcons/.m2/repository/com/google/errorprone/error_prone_annotations/2.11.0/error_prone_annotations-2.11.0.jar:/Users/vcons/.m2/repository/com/google/j2objc/j2objc-annotations/1.3/j2objc-annotations-1.3.jar:/Users/vcons/.m2/repository/com/google/code/gson/gson/2.8.2/gson-2.8.2.jar:/Users/vcons/.m2/repository/io/github/bonigarcia/webdrivermanager/5.3.0/webdrivermanager-5.3.0.jar:/Users/vcons/.m2/repository/com/github/docker-java/docker-java/3.2.13/docker-java-3.2.13.jar:/Users/vcons/.m2/repository/com/github/docker-java/docker-java-core/3.2.13/docker-java-core-3.2.13.jar:/Users/vcons/.m2/repository/com/github/docker-java/docker-java-api/3.2.13/docker-java-api-3.2.13.jar:/Users/vcons/.m2/repository/org/slf4j/jcl-over-slf4j/1.7.30/jcl-over-slf4j-1.7.30.jar:/Users/vcons/.m2/repository/com/github/docker-java/docker-java-transport-httpclient5/3.2.13/docker-java-transport-httpclient5-3.2.13.jar:/Users/vcons/.m2/repository/com/github/docker-java/docker-java-transport/3.2.13/docker-java-transport-3.2.13.jar:/Users/vcons/.m2/repository/net/java/dev/jna/jna/5.8.0/jna-5.8.0.jar:/Users/vcons/.m2/repository/org/brotli/dec/0.1.2/dec-0.1.2.jar:/Users/vcons/.m2/repository/org/apache/httpcomponents/client5/httpclient5/5.1.3/httpclient5-5.1.3.jar:/Users/vcons/.m2/repository/org/apache/httpcomponents/core5/httpcore5/5.1.3/httpcore5-5.1.3.jar:/Users/vcons/.m2/repository/org/apache/httpcomponents/core5/httpcore5-h2/5.1.3/httpcore5-h2-5.1.3.jar:/Users/vcons/.m2/repository/commons-io/commons-io/2.5/commons-io-2.5.jar:/Users/vcons/.m2/repository/com/browserstack/browserstack-local-java/1.0.6/browserstack-local-java-1.0.6.jar:/Users/vcons/.m2/repository/tech/grasshopper/extentreports-cucumber7-adapter/1.7.0/extentreports-cucumber7-adapter-1.7.0.jar:/Users/vcons/.m2/repository/com/aventstack/extentreports/5.0.9/extentreports-5.0.9.jar:/Users/vcons/.m2/repository/io/reactivex/rxjava3/rxjava/3.0.4/rxjava-3.0.4.jar:/Users/vcons/.m2/repository/org/reactivestreams/reactive-streams/1.0.3/reactive-streams-1.0.3.jar:/Users/vcons/.m2/repository/org/freemarker/freemarker/2.3.30/freemarker-2.3.30.jar:/Users/vcons/.m2/repository/tech/grasshopper/extent-pdf-report/2.7.0/extent-pdf-report-2.7.0.jar:/Users/vcons/.m2/repository/tech/grasshopper/cucumber-pdf-report/2.10.0/cucumber-pdf-report-2.10.0.jar:/Users/vcons/.m2/repository/org/knowm/xchart/xchart/3.8.0/xchart-3.8.0.jar:/Users/vcons/.m2/repository/de/erichseifert/vectorgraphics2d/VectorGraphics2D/0.13/VectorGraphics2D-0.13.jar:/Users/vcons/.m2/repository/com/madgag/animated-gif-lib/1.4/animated-gif-lib-1.4.jar:/Users/vcons/.m2/repository/org/yaml/snakeyaml/1.28/snakeyaml-1.28.jar:/Users/vcons/.m2/repository/tech/grasshopper/table-layout/1.5.1/table-layout-1.5.1.jar:/Users/vcons/.m2/repository/tech/grasshopper/rest-assured-cucumber-pdf-report/1.4.1/rest-assured-cucumber-pdf-report-1.4.1.jar:/Users/vcons/.m2/repository/org/jsoup/jsoup/1.14.3/jsoup-1.14.3.jar:/Users/vcons/.m2/repository/com/aventstack/klov-reporter/5.0.9/klov-reporter-5.0.9.jar:/Users/vcons/.m2/repository/org/mongodb/mongodb-driver/3.6.4/mongodb-driver-3.6.4.jar:/Users/vcons/.m2/repository/org/mongodb/mongodb-driver-core/3.6.4/mongodb-driver-core-3.6.4.jar:/Users/vcons/.m2/repository/org/mongodb/bson/3.6.4/bson-3.6.4.jar:/Users/vcons/.m2/repository/org/apache/httpcomponents/httpmime/4.5.13/httpmime-4.5.13.jar:/Users/vcons/.m2/repository/tech/grasshopper/htmlextentreporter/1.0.1/htmlextentreporter-1.0.1.jar:/Users/vcons/.m2/repository/io/cucumber/cucumber-java/6.10.2/cucumber-java-6.10.2.jar:/Users/vcons/.m2/repository/io/cucumber/cucumber-core/6.10.2/cucumber-core-6.10.2.jar:/Users/vcons/.m2/repository/io/cucumber/cucumber-gherkin/6.10.2/cucumber-gherkin-6.10.2.jar:/Users/vcons/.m2/repository/io/cucumber/cucumber-gherkin-messages/6.10.2/cucumber-gherkin-messages-6.10.2.jar:/Users/vcons/.m2/repository/io/cucumber/messages/14.0.1/messages-14.0.1.jar:/Users/vcons/.m2/repository/io/cucumber/tag-expressions/3.0.0/tag-expressions-3.0.0.jar:/Users/vcons/.m2/repository/io/cucumber/cucumber-expressions/10.3.0/cucumber-expressions-10.3.0.jar:/Users/vcons/.m2/repository/io/cucumber/datatable/3.5.0/datatable-3.5.0.jar:/Users/vcons/.m2/repository/io/cucumber/cucumber-plugin/6.10.2/cucumber-plugin-6.10.2.jar:/Users/vcons/.m2/repository/io/cucumber/docstring/6.10.2/docstring-6.10.2.jar:/Users/vcons/.m2/repository/io/cucumber/html-formatter/12.0.0/html-formatter-12.0.0.jar:/Users/vcons/.m2/repository/io/cucumber/create-meta/3.0.0/create-meta-3.0.0.jar:/Users/vcons/.m2/repository/io/cucumber/cucumber-junit/6.10.2/cucumber-junit-6.10.2.jar:/Users/vcons/.m2/repository/junit/junit/4.13.2/junit-4.13.2.jar:/Users/vcons/.m2/repository/org/hamcrest/hamcrest-core/1.3/hamcrest-core-1.3.jar:/Users/vcons/.m2/repository/org/json/json/20210307/json-20210307.jar:/Users/vcons/.m2/repository/org/apache/logging/log4j/log4j-core/2.14.1/log4j-core-2.14.1.jar:/Users/vcons/.m2/repository/org/apache/logging/log4j/log4j-api/2.14.1/log4j-api-2.14.1.jar:/Users/vcons/.m2/repository/io/cucumber/cucumber-picocontainer/6.10.4/cucumber-picocontainer-6.10.4.jar:/Users/vcons/.m2/repository/org/picocontainer/picocontainer/2.15/picocontainer-2.15.jar:/Users/vcons/.m2/repository/de/monochromata/cucumber/reporting-plugin/4.0.101/reporting-plugin-4.0.101.jar:/Users/vcons/.m2/repository/io/cucumber/gherkin/17.0.2/gherkin-17.0.2.jar:/Users/vcons/.m2/repository/net/masterthought/cucumber-reporting/5.5.2/cucumber-reporting-5.5.2.jar:/Users/vcons/.m2/repository/com/fasterxml/jackson/core/jackson-databind/2.12.1/jackson-databind-2.12.1.jar:/Users/vcons/.m2/repository/com/fasterxml/jackson/core/jackson-annotations/2.12.1/jackson-annotations-2.12.1.jar:/Users/vcons/.m2/repository/com/fasterxml/jackson/core/jackson-core/2.12.1/jackson-core-2.12.1.jar:/Users/vcons/.m2/repository/com/fasterxml/jackson/datatype/jackson-datatype-jsr310/2.12.1/jackson-datatype-jsr310-2.12.1.jar:/Users/vcons/.m2/repository/org/apache/velocity/velocity-engine-core/2.2/velocity-engine-core-2.2.jar:/Users/vcons/.m2/repository/joda-time/joda-time/2.10.9/joda-time-2.10.9.jar:/Users/vcons/.m2/repository/org/codehaus/plexus/plexus-utils/3.3.0/plexus-utils-3.3.0.jar:/Users/vcons/.m2/repository/com/googlecode/owasp-java-html-sanitizer/owasp-java-html-sanitizer/20200713.1/owasp-java-html-sanitizer-20200713.1.jar:/Users/vcons/.m2/repository/commons-configuration/commons-configuration/1.10/commons-configuration-1.10.jar:/Users/vcons/.m2/repository/commons-lang/commons-lang/2.6/commons-lang-2.6.jar:/Users/vcons/.m2/repository/io/cucumber/cucumber-testng/6.10.2/cucumber-testng-6.10.2.jar:/Users/vcons/.m2/repository/commons-codec/commons-codec/1.15/commons-codec-1.15.jar:/Users/vcons/.m2/repository/javax/mail/javax.mail-api/1.5.5/javax.mail-api-1.5.5.jar:/Users/vcons/.m2/repository/com/sun/mail/smtp/1.6.0/smtp-1.6.0.jar:/Users/vcons/.m2/repository/com/sun/mail/javax.mail/1.6.0/javax.mail-1.6.0.jar:/Users/vcons/.m2/repository/javax/activation/activation/1.1/activation-1.1.jar:/Users/vcons/.m2/repository/org/apache/poi/poi-ooxml/5.0.0/poi-ooxml-5.0.0.jar:/Users/vcons/.m2/repository/org/apache/poi/poi/5.0.0/poi-5.0.0.jar:/Users/vcons/.m2/repository/org/apache/commons/commons-collections4/4.4/commons-collections4-4.4.jar:/Users/vcons/.m2/repository/org/apache/commons/commons-math3/3.6.1/commons-math3-3.6.1.jar:/Users/vcons/.m2/repository/com/zaxxer/SparseBitSet/1.2/SparseBitSet-1.2.jar:/Users/vcons/.m2/repository/org/apache/poi/poi-ooxml-lite/5.0.0/poi-ooxml-lite-5.0.0.jar:/Users/vcons/.m2/repository/org/apache/xmlbeans/xmlbeans/4.0.0/xmlbeans-4.0.0.jar:/Users/vcons/.m2/repository/org/apache/commons/commons-compress/1.20/commons-compress-1.20.jar:/Users/vcons/.m2/repository/com/github/virtuald/curvesapi/1.06/curvesapi-1.06.jar:/Users/vcons/.m2/repository/org/bouncycastle/bcpkix-jdk15on/1.68/bcpkix-jdk15on-1.68.jar:/Users/vcons/.m2/repository/org/bouncycastle/bcprov-jdk15on/1.68/bcprov-jdk15on-1.68.jar:/Users/vcons/.m2/repository/org/apache/santuario/xmlsec/2.2.1/xmlsec-2.2.1.jar:/Users/vcons/.m2/repository/com/fasterxml/woodstox/woodstox-core/5.2.1/woodstox-core-5.2.1.jar:/Users/vcons/.m2/repository/org/codehaus/woodstox/stax2-api/4.2/stax2-api-4.2.jar:/Users/vcons/.m2/repository/jakarta/xml/bind/jakarta.xml.bind-api/2.3.2/jakarta.xml.bind-api-2.3.2.jar:/Users/vcons/.m2/repository/jakarta/activation/jakarta.activation-api/1.2.1/jakarta.activation-api-1.2.1.jar:/Users/vcons/.m2/repository/org/apache/xmlgraphics/batik-all/1.13/batik-all-1.13.jar:/Users/vcons/.m2/repository/org/apache/xmlgraphics/batik-anim/1.13/batik-anim-1.13.jar:/Users/vcons/.m2/repository/org/apache/xmlgraphics/batik-shared-resources/1.13/batik-shared-resources-1.13.jar:/Users/vcons/.m2/repository/xml-apis/xml-apis-ext/1.3.04/xml-apis-ext-1.3.04.jar:/Users/vcons/.m2/repository/org/apache/xmlgraphics/batik-awt-util/1.13/batik-awt-util-1.13.jar:/Users/vcons/.m2/repository/org/apache/xmlgraphics/xmlgraphics-commons/2.4/xmlgraphics-commons-2.4.jar:/Users/vcons/.m2/repository/org/apache/xmlgraphics/batik-bridge/1.13/batik-bridge-1.13.jar:/Users/vcons/.m2/repository/org/apache/xmlgraphics/batik-codec/1.13/batik-codec-1.13.jar:/Users/vcons/.m2/repository/org/apache/xmlgraphics/batik-constants/1.13/batik-constants-1.13.jar:/Users/vcons/.m2/repository/org/apache/xmlgraphics/batik-css/1.13/batik-css-1.13.jar:/Users/vcons/.m2/repository/org/apache/xmlgraphics/batik-dom/1.13/batik-dom-1.13.jar:/Users/vcons/.m2/repository/xalan/xalan/2.7.2/xalan-2.7.2.jar:/Users/vcons/.m2/repository/xalan/serializer/2.7.2/serializer-2.7.2.jar:/Users/vcons/.m2/repository/xml-apis/xml-apis/1.4.01/xml-apis-1.4.01.jar:/Users/vcons/.m2/repository/org/apache/xmlgraphics/batik-ext/1.13/batik-ext-1.13.jar:/Users/vcons/.m2/repository/org/apache/xmlgraphics/batik-extension/1.13/batik-extension-1.13.jar:/Users/vcons/.m2/repository/org/apache/xmlgraphics/batik-gui-util/1.13/batik-gui-util-1.13.jar:/Users/vcons/.m2/repository/org/apache/xmlgraphics/batik-gvt/1.13/batik-gvt-1.13.jar:/Users/vcons/.m2/repository/org/apache/xmlgraphics/batik-i18n/1.13/batik-i18n-1.13.jar:/Users/vcons/.m2/repository/org/apache/xmlgraphics/batik-parser/1.13/batik-parser-1.13.jar:/Users/vcons/.m2/repository/org/apache/xmlgraphics/batik-rasterizer-ext/1.13/batik-rasterizer-ext-1.13.jar:/Users/vcons/.m2/repository/org/apache/xmlgraphics/batik-rasterizer/1.13/batik-rasterizer-1.13.jar:/Users/vcons/.m2/repository/org/apache/xmlgraphics/batik-script/1.13/batik-script-1.13.jar:/Users/vcons/.m2/repository/org/apache/xmlgraphics/batik-slideshow/1.13/batik-slideshow-1.13.jar:/Users/vcons/.m2/repository/org/apache/xmlgraphics/batik-squiggle-ext/1.13/batik-squiggle-ext-1.13.jar:/Users/vcons/.m2/repository/org/apache/xmlgraphics/batik-squiggle/1.13/batik-squiggle-1.13.jar:/Users/vcons/.m2/repository/org/apache/xmlgraphics/batik-svg-dom/1.13/batik-svg-dom-1.13.jar:/Users/vcons/.m2/repository/org/apache/xmlgraphics/batik-svgbrowser/1.13/batik-svgbrowser-1.13.jar:/Users/vcons/.m2/repository/org/apache/xmlgraphics/batik-svggen/1.13/batik-svggen-1.13.jar:/Users/vcons/.m2/repository/org/apache/xmlgraphics/batik-svgpp/1.13/batik-svgpp-1.13.jar:/Users/vcons/.m2/repository/org/apache/xmlgraphics/batik-svgrasterizer/1.13/batik-svgrasterizer-1.13.jar:/Users/vcons/.m2/repository/org/apache/xmlgraphics/batik-swing/1.13/batik-swing-1.13.jar:/Users/vcons/.m2/repository/org/apache/xmlgraphics/batik-transcoder/1.13/batik-transcoder-1.13.jar:/Users/vcons/.m2/repository/org/apache/xmlgraphics/batik-util/1.13/batik-util-1.13.jar:/Users/vcons/.m2/repository/org/apache/xmlgraphics/batik-ttf2svg/1.13/batik-ttf2svg-1.13.jar:/Users/vcons/.m2/repository/org/apache/xmlgraphics/batik-xml/1.13/batik-xml-1.13.jar:/Users/vcons/.m2/repository/de/rototor/pdfbox/graphics2d/0.30/graphics2d-0.30.jar:/Users/vcons/.m2/repository/org/apache/pdfbox/pdfbox/2.0.22/pdfbox-2.0.22.jar:/Users/vcons/.m2/repository/org/apache/pdfbox/fontbox/2.0.22/fontbox-2.0.22.jar:/Users/vcons/.m2/repository/org/apache/maven/plugins/maven-surefire-plugin/3.0.0-M4/maven-surefire-plugin-3.0.0-M4.jar:/Users/vcons/.m2/repository/org/apache/maven/surefire/maven-surefire-common/3.0.0-M4/maven-surefire-common-3.0.0-M4.jar:/Users/vcons/.m2/repository/org/apache/maven/surefire/surefire-api/3.0.0-M4/surefire-api-3.0.0-M4.jar:/Users/vcons/.m2/repository/org/apache/maven/surefire/surefire-logger-api/3.0.0-M4/surefire-logger-api-3.0.0-M4.jar:/Users/vcons/.m2/repository/org/apache/maven/surefire/surefire-extensions-api/3.0.0-M4/surefire-extensions-api-3.0.0-M4.jar:/Users/vcons/.m2/repository/org/apache/maven/surefire/surefire-booter/3.0.0-M4/surefire-booter-3.0.0-M4.jar:/Users/vcons/.m2/repository/org/apache/maven/maven-toolchain/3.0-alpha-2/maven-toolchain-3.0-alpha-2.jar:/Users/vcons/.m2/repository/org/apache/maven/shared/maven-artifact-transfer/0.11.0/maven-artifact-transfer-0.11.0.jar:/Users/vcons/.m2/repository/org/apache/maven/shared/maven-common-artifact-filters/3.0.1/maven-common-artifact-filters-3.0.1.jar:/Users/vcons/.m2/repository/org/apache/maven/maven-model/3.0/maven-model-3.0.jar:/Users/vcons/.m2/repository/org/apache/maven/maven-plugin-api/3.0/maven-plugin-api-3.0.jar:/Users/vcons/.m2/repository/org/sonatype/sisu/sisu-inject-plexus/1.4.2/sisu-inject-plexus-1.4.2.jar:/Users/vcons/.m2/repository/org/codehaus/plexus/plexus-classworlds/2.2.3/plexus-classworlds-2.2.3.jar:/Users/vcons/.m2/repository/org/sonatype/sisu/sisu-inject-bean/1.4.2/sisu-inject-bean-1.4.2.jar:/Users/vcons/.m2/repository/org/sonatype/sisu/sisu-guice/2.1.7/sisu-guice-2.1.7-noaop.jar:/Users/vcons/.m2/repository/org/apache/maven/shared/maven-shared-utils/3.1.0/maven-shared-utils-3.1.0.jar:/Users/vcons/.m2/repository/org/codehaus/plexus/plexus-java/1.0.3/plexus-java-1.0.3.jar:/Users/vcons/.m2/repository/com/thoughtworks/qdox/qdox/2.0-M9/qdox-2.0-M9.jar:/Users/vcons/.m2/repository/org/testng/testng/6.14.3/testng-6.14.3.jar:/Users/vcons/.m2/repository/com/beust/jcommander/1.72/jcommander-1.72.jar:/Users/vcons/.m2/repository/org/apache-extras/beanshell/bsh/2.0b6/bsh-2.0b6.jar:/Users/vcons/.m2/repository/org/slf4j/slf4j-api/2.0.0/slf4j-api-2.0.0.jar:/Users/vcons/.m2/repository/org/slf4j/slf4j-simple/2.0.0/slf4j-simple-2.0.0.jar:/Users/vcons/.m2/repository/org/projectlombok/lombok/1.18.28/lombok-1.18.28.jar:"/>
    <property name="sun.awt.enableExtraMouseButtons" value="true"/>
    <property name="java.vm.vendor" value="Amazon.com Inc."/>
    <property name="sun.arch.data.model" value="64"/>
    <property name="sun.font.fontmanager" value="sun.font.CFontManager"/>
    <property name="java.vendor.url" value="https://aws.amazon.com/corretto/"/>
    <property name="user.timezone" value="Europe/Copenhagen"/>
    <property name="java.vm.specification.version" value="11"/>
    <property name="os.name" value="Mac OS X"/>
    <property name="sun.java.launcher" value="SUN_STANDARD"/>
    <property name="user.country" value="DK"/>
    <property name="sun.boot.library.path" value="/Users/vcons/Library/Java/JavaVirtualMachines/corretto-11.0.19/Contents/Home/lib"/>
    <property name="sun.java.command" value="/Users/vcons/Downloads/test-automation-patentrenewal/target/surefire/surefirebooter3088124442817704738.jar /Users/vcons/Downloads/test-automation-patentrenewal/target/surefire 2023-06-16T08-53-29_083-jvmRun1 surefire1330113579365819190tmp surefire_04577266471664296642tmp"/>
    <property name="jdk.debug" value="release"/>
    <property name="surefire.test.class.path" value="/Users/vcons/Downloads/test-automation-patentrenewal/target/test-classes:/Users/vcons/Downloads/test-automation-patentrenewal/target/classes:/Users/vcons/.m2/repository/io/appium/java-client/7.5.1/java-client-7.5.1.jar:/Users/vcons/.m2/repository/org/apache/httpcomponents/httpclient/4.5.13/httpclient-4.5.13.jar:/Users/vcons/.m2/repository/org/apache/httpcomponents/httpcore/4.4.13/httpcore-4.4.13.jar:/Users/vcons/.m2/repository/commons-logging/commons-logging/1.2/commons-logging-1.2.jar:/Users/vcons/.m2/repository/commons-validator/commons-validator/1.7/commons-validator-1.7.jar:/Users/vcons/.m2/repository/commons-beanutils/commons-beanutils/1.9.4/commons-beanutils-1.9.4.jar:/Users/vcons/.m2/repository/commons-digester/commons-digester/2.1/commons-digester-2.1.jar:/Users/vcons/.m2/repository/commons-collections/commons-collections/3.2.2/commons-collections-3.2.2.jar:/Users/vcons/.m2/repository/org/apache/commons/commons-lang3/3.12.0/commons-lang3-3.12.0.jar:/Users/vcons/.m2/repository/org/springframework/spring-context/5.3.4/spring-context-5.3.4.jar:/Users/vcons/.m2/repository/org/springframework/spring-aop/5.3.4/spring-aop-5.3.4.jar:/Users/vcons/.m2/repository/org/springframework/spring-beans/5.3.4/spring-beans-5.3.4.jar:/Users/vcons/.m2/repository/org/springframework/spring-core/5.3.4/spring-core-5.3.4.jar:/Users/vcons/.m2/repository/org/springframework/spring-jcl/5.3.4/spring-jcl-5.3.4.jar:/Users/vcons/.m2/repository/org/springframework/spring-expression/5.3.4/spring-expression-5.3.4.jar:/Users/vcons/.m2/repository/org/aspectj/aspectjweaver/1.9.6/aspectjweaver-1.9.6.jar:/Users/vcons/.m2/repository/com/github/javafaker/javafaker/1.0.2/javafaker-1.0.2.jar:/Users/vcons/.m2/repository/org/yaml/snakeyaml/1.23/snakeyaml-1.23-android.jar:/Users/vcons/.m2/repository/com/github/mifmif/generex/1.0.2/generex-1.0.2.jar:/Users/vcons/.m2/repository/dk/brics/automaton/automaton/1.11-8/automaton-1.11-8.jar:/Users/vcons/.m2/repository/org/junit/jupiter/junit-jupiter-api/5.8.2/junit-jupiter-api-5.8.2.jar:/Users/vcons/.m2/repository/org/opentest4j/opentest4j/1.2.0/opentest4j-1.2.0.jar:/Users/vcons/.m2/repository/org/junit/platform/junit-platform-commons/1.8.2/junit-platform-commons-1.8.2.jar:/Users/vcons/.m2/repository/org/apiguardian/apiguardian-api/1.1.2/apiguardian-api-1.1.2.jar:/Users/vcons/.m2/repository/org/junit/jupiter/junit-jupiter-engine/5.8.1/junit-jupiter-engine-5.8.1.jar:/Users/vcons/.m2/repository/org/junit/platform/junit-platform-engine/1.8.1/junit-platform-engine-1.8.1.jar:/Users/vcons/.m2/repository/org/junit/jupiter/junit-jupiter-params/5.8.1/junit-jupiter-params-5.8.1.jar:/Users/vcons/.m2/repository/cglib/cglib/3.3.0/cglib-3.3.0.jar:/Users/vcons/.m2/repository/org/ow2/asm/asm/7.1/asm-7.1.jar:/Users/vcons/.m2/repository/org/seleniumhq/selenium/selenium-api/3.141.59/selenium-api-3.141.59.jar:/Users/vcons/.m2/repository/org/seleniumhq/selenium/selenium-java/3.141.59/selenium-java-3.141.59.jar:/Users/vcons/.m2/repository/org/seleniumhq/selenium/selenium-chrome-driver/3.141.59/selenium-chrome-driver-3.141.59.jar:/Users/vcons/.m2/repository/org/seleniumhq/selenium/selenium-edge-driver/3.141.59/selenium-edge-driver-3.141.59.jar:/Users/vcons/.m2/repository/org/seleniumhq/selenium/selenium-firefox-driver/3.141.59/selenium-firefox-driver-3.141.59.jar:/Users/vcons/.m2/repository/org/seleniumhq/selenium/selenium-ie-driver/3.141.59/selenium-ie-driver-3.141.59.jar:/Users/vcons/.m2/repository/org/seleniumhq/selenium/selenium-opera-driver/3.141.59/selenium-opera-driver-3.141.59.jar:/Users/vcons/.m2/repository/org/seleniumhq/selenium/selenium-safari-driver/3.141.59/selenium-safari-driver-3.141.59.jar:/Users/vcons/.m2/repository/net/bytebuddy/byte-buddy/1.8.15/byte-buddy-1.8.15.jar:/Users/vcons/.m2/repository/org/apache/commons/commons-exec/1.3/commons-exec-1.3.jar:/Users/vcons/.m2/repository/com/squareup/okhttp3/okhttp/3.11.0/okhttp-3.11.0.jar:/Users/vcons/.m2/repository/com/squareup/okio/okio/1.14.0/okio-1.14.0.jar:/Users/vcons/.m2/repository/org/seleniumhq/selenium/selenium-remote-driver/3.141.59/selenium-remote-driver-3.141.59.jar:/Users/vcons/.m2/repository/org/seleniumhq/selenium/selenium-support/3.141.59/selenium-support-3.141.59.jar:/Users/vcons/.m2/repository/com/google/guava/guava/31.1-jre/guava-31.1-jre.jar:/Users/vcons/.m2/repository/com/google/guava/failureaccess/1.0.1/failureaccess-1.0.1.jar:/Users/vcons/.m2/repository/com/google/guava/listenablefuture/9999.0-empty-to-avoid-conflict-with-guava/listenablefuture-9999.0-empty-to-avoid-conflict-with-guava.jar:/Users/vcons/.m2/repository/com/google/code/findbugs/jsr305/3.0.2/jsr305-3.0.2.jar:/Users/vcons/.m2/repository/org/checkerframework/checker-qual/3.12.0/checker-qual-3.12.0.jar:/Users/vcons/.m2/repository/com/google/errorprone/error_prone_annotations/2.11.0/error_prone_annotations-2.11.0.jar:/Users/vcons/.m2/repository/com/google/j2objc/j2objc-annotations/1.3/j2objc-annotations-1.3.jar:/Users/vcons/.m2/repository/com/google/code/gson/gson/2.8.2/gson-2.8.2.jar:/Users/vcons/.m2/repository/io/github/bonigarcia/webdrivermanager/5.3.0/webdrivermanager-5.3.0.jar:/Users/vcons/.m2/repository/com/github/docker-java/docker-java/3.2.13/docker-java-3.2.13.jar:/Users/vcons/.m2/repository/com/github/docker-java/docker-java-core/3.2.13/docker-java-core-3.2.13.jar:/Users/vcons/.m2/repository/com/github/docker-java/docker-java-api/3.2.13/docker-java-api-3.2.13.jar:/Users/vcons/.m2/repository/org/slf4j/jcl-over-slf4j/1.7.30/jcl-over-slf4j-1.7.30.jar:/Users/vcons/.m2/repository/com/github/docker-java/docker-java-transport-httpclient5/3.2.13/docker-java-transport-httpclient5-3.2.13.jar:/Users/vcons/.m2/repository/com/github/docker-java/docker-java-transport/3.2.13/docker-java-transport-3.2.13.jar:/Users/vcons/.m2/repository/net/java/dev/jna/jna/5.8.0/jna-5.8.0.jar:/Users/vcons/.m2/repository/org/brotli/dec/0.1.2/dec-0.1.2.jar:/Users/vcons/.m2/repository/org/apache/httpcomponents/client5/httpclient5/5.1.3/httpclient5-5.1.3.jar:/Users/vcons/.m2/repository/org/apache/httpcomponents/core5/httpcore5/5.1.3/httpcore5-5.1.3.jar:/Users/vcons/.m2/repository/org/apache/httpcomponents/core5/httpcore5-h2/5.1.3/httpcore5-h2-5.1.3.jar:/Users/vcons/.m2/repository/commons-io/commons-io/2.5/commons-io-2.5.jar:/Users/vcons/.m2/repository/com/browserstack/browserstack-local-java/1.0.6/browserstack-local-java-1.0.6.jar:/Users/vcons/.m2/repository/tech/grasshopper/extentreports-cucumber7-adapter/1.7.0/extentreports-cucumber7-adapter-1.7.0.jar:/Users/vcons/.m2/repository/com/aventstack/extentreports/5.0.9/extentreports-5.0.9.jar:/Users/vcons/.m2/repository/io/reactivex/rxjava3/rxjava/3.0.4/rxjava-3.0.4.jar:/Users/vcons/.m2/repository/org/reactivestreams/reactive-streams/1.0.3/reactive-streams-1.0.3.jar:/Users/vcons/.m2/repository/org/freemarker/freemarker/2.3.30/freemarker-2.3.30.jar:/Users/vcons/.m2/repository/tech/grasshopper/extent-pdf-report/2.7.0/extent-pdf-report-2.7.0.jar:/Users/vcons/.m2/repository/tech/grasshopper/cucumber-pdf-report/2.10.0/cucumber-pdf-report-2.10.0.jar:/Users/vcons/.m2/repository/org/knowm/xchart/xchart/3.8.0/xchart-3.8.0.jar:/Users/vcons/.m2/repository/de/erichseifert/vectorgraphics2d/VectorGraphics2D/0.13/VectorGraphics2D-0.13.jar:/Users/vcons/.m2/repository/com/madgag/animated-gif-lib/1.4/animated-gif-lib-1.4.jar:/Users/vcons/.m2/repository/org/yaml/snakeyaml/1.28/snakeyaml-1.28.jar:/Users/vcons/.m2/repository/tech/grasshopper/table-layout/1.5.1/table-layout-1.5.1.jar:/Users/vcons/.m2/repository/tech/grasshopper/rest-assured-cucumber-pdf-report/1.4.1/rest-assured-cucumber-pdf-report-1.4.1.jar:/Users/vcons/.m2/repository/org/jsoup/jsoup/1.14.3/jsoup-1.14.3.jar:/Users/vcons/.m2/repository/com/aventstack/klov-reporter/5.0.9/klov-reporter-5.0.9.jar:/Users/vcons/.m2/repository/org/mongodb/mongodb-driver/3.6.4/mongodb-driver-3.6.4.jar:/Users/vcons/.m2/repository/org/mongodb/mongodb-driver-core/3.6.4/mongodb-driver-core-3.6.4.jar:/Users/vcons/.m2/repository/org/mongodb/bson/3.6.4/bson-3.6.4.jar:/Users/vcons/.m2/repository/org/apache/httpcomponents/httpmime/4.5.13/httpmime-4.5.13.jar:/Users/vcons/.m2/repository/tech/grasshopper/htmlextentreporter/1.0.1/htmlextentreporter-1.0.1.jar:/Users/vcons/.m2/repository/io/cucumber/cucumber-java/6.10.2/cucumber-java-6.10.2.jar:/Users/vcons/.m2/repository/io/cucumber/cucumber-core/6.10.2/cucumber-core-6.10.2.jar:/Users/vcons/.m2/repository/io/cucumber/cucumber-gherkin/6.10.2/cucumber-gherkin-6.10.2.jar:/Users/vcons/.m2/repository/io/cucumber/cucumber-gherkin-messages/6.10.2/cucumber-gherkin-messages-6.10.2.jar:/Users/vcons/.m2/repository/io/cucumber/messages/14.0.1/messages-14.0.1.jar:/Users/vcons/.m2/repository/io/cucumber/tag-expressions/3.0.0/tag-expressions-3.0.0.jar:/Users/vcons/.m2/repository/io/cucumber/cucumber-expressions/10.3.0/cucumber-expressions-10.3.0.jar:/Users/vcons/.m2/repository/io/cucumber/datatable/3.5.0/datatable-3.5.0.jar:/Users/vcons/.m2/repository/io/cucumber/cucumber-plugin/6.10.2/cucumber-plugin-6.10.2.jar:/Users/vcons/.m2/repository/io/cucumber/docstring/6.10.2/docstring-6.10.2.jar:/Users/vcons/.m2/repository/io/cucumber/html-formatter/12.0.0/html-formatter-12.0.0.jar:/Users/vcons/.m2/repository/io/cucumber/create-meta/3.0.0/create-meta-3.0.0.jar:/Users/vcons/.m2/repository/io/cucumber/cucumber-junit/6.10.2/cucumber-junit-6.10.2.jar:/Users/vcons/.m2/repository/junit/junit/4.13.2/junit-4.13.2.jar:/Users/vcons/.m2/repository/org/hamcrest/hamcrest-core/1.3/hamcrest-core-1.3.jar:/Users/vcons/.m2/repository/org/json/json/20210307/json-20210307.jar:/Users/vcons/.m2/repository/org/apache/logging/log4j/log4j-core/2.14.1/log4j-core-2.14.1.jar:/Users/vcons/.m2/repository/org/apache/logging/log4j/log4j-api/2.14.1/log4j-api-2.14.1.jar:/Users/vcons/.m2/repository/io/cucumber/cucumber-picocontainer/6.10.4/cucumber-picocontainer-6.10.4.jar:/Users/vcons/.m2/repository/org/picocontainer/picocontainer/2.15/picocontainer-2.15.jar:/Users/vcons/.m2/repository/de/monochromata/cucumber/reporting-plugin/4.0.101/reporting-plugin-4.0.101.jar:/Users/vcons/.m2/repository/io/cucumber/gherkin/17.0.2/gherkin-17.0.2.jar:/Users/vcons/.m2/repository/net/masterthought/cucumber-reporting/5.5.2/cucumber-reporting-5.5.2.jar:/Users/vcons/.m2/repository/com/fasterxml/jackson/core/jackson-databind/2.12.1/jackson-databind-2.12.1.jar:/Users/vcons/.m2/repository/com/fasterxml/jackson/core/jackson-annotations/2.12.1/jackson-annotations-2.12.1.jar:/Users/vcons/.m2/repository/com/fasterxml/jackson/core/jackson-core/2.12.1/jackson-core-2.12.1.jar:/Users/vcons/.m2/repository/com/fasterxml/jackson/datatype/jackson-datatype-jsr310/2.12.1/jackson-datatype-jsr310-2.12.1.jar:/Users/vcons/.m2/repository/org/apache/velocity/velocity-engine-core/2.2/velocity-engine-core-2.2.jar:/Users/vcons/.m2/repository/joda-time/joda-time/2.10.9/joda-time-2.10.9.jar:/Users/vcons/.m2/repository/org/codehaus/plexus/plexus-utils/3.3.0/plexus-utils-3.3.0.jar:/Users/vcons/.m2/repository/com/googlecode/owasp-java-html-sanitizer/owasp-java-html-sanitizer/20200713.1/owasp-java-html-sanitizer-20200713.1.jar:/Users/vcons/.m2/repository/commons-configuration/commons-configuration/1.10/commons-configuration-1.10.jar:/Users/vcons/.m2/repository/commons-lang/commons-lang/2.6/commons-lang-2.6.jar:/Users/vcons/.m2/repository/io/cucumber/cucumber-testng/6.10.2/cucumber-testng-6.10.2.jar:/Users/vcons/.m2/repository/commons-codec/commons-codec/1.15/commons-codec-1.15.jar:/Users/vcons/.m2/repository/javax/mail/javax.mail-api/1.5.5/javax.mail-api-1.5.5.jar:/Users/vcons/.m2/repository/com/sun/mail/smtp/1.6.0/smtp-1.6.0.jar:/Users/vcons/.m2/repository/com/sun/mail/javax.mail/1.6.0/javax.mail-1.6.0.jar:/Users/vcons/.m2/repository/javax/activation/activation/1.1/activation-1.1.jar:/Users/vcons/.m2/repository/org/apache/poi/poi-ooxml/5.0.0/poi-ooxml-5.0.0.jar:/Users/vcons/.m2/repository/org/apache/poi/poi/5.0.0/poi-5.0.0.jar:/Users/vcons/.m2/repository/org/apache/commons/commons-collections4/4.4/commons-collections4-4.4.jar:/Users/vcons/.m2/repository/org/apache/commons/commons-math3/3.6.1/commons-math3-3.6.1.jar:/Users/vcons/.m2/repository/com/zaxxer/SparseBitSet/1.2/SparseBitSet-1.2.jar:/Users/vcons/.m2/repository/org/apache/poi/poi-ooxml-lite/5.0.0/poi-ooxml-lite-5.0.0.jar:/Users/vcons/.m2/repository/org/apache/xmlbeans/xmlbeans/4.0.0/xmlbeans-4.0.0.jar:/Users/vcons/.m2/repository/org/apache/commons/commons-compress/1.20/commons-compress-1.20.jar:/Users/vcons/.m2/repository/com/github/virtuald/curvesapi/1.06/curvesapi-1.06.jar:/Users/vcons/.m2/repository/org/bouncycastle/bcpkix-jdk15on/1.68/bcpkix-jdk15on-1.68.jar:/Users/vcons/.m2/repository/org/bouncycastle/bcprov-jdk15on/1.68/bcprov-jdk15on-1.68.jar:/Users/vcons/.m2/repository/org/apache/santuario/xmlsec/2.2.1/xmlsec-2.2.1.jar:/Users/vcons/.m2/repository/com/fasterxml/woodstox/woodstox-core/5.2.1/woodstox-core-5.2.1.jar:/Users/vcons/.m2/repository/org/codehaus/woodstox/stax2-api/4.2/stax2-api-4.2.jar:/Users/vcons/.m2/repository/jakarta/xml/bind/jakarta.xml.bind-api/2.3.2/jakarta.xml.bind-api-2.3.2.jar:/Users/vcons/.m2/repository/jakarta/activation/jakarta.activation-api/1.2.1/jakarta.activation-api-1.2.1.jar:/Users/vcons/.m2/repository/org/apache/xmlgraphics/batik-all/1.13/batik-all-1.13.jar:/Users/vcons/.m2/repository/org/apache/xmlgraphics/batik-anim/1.13/batik-anim-1.13.jar:/Users/vcons/.m2/repository/org/apache/xmlgraphics/batik-shared-resources/1.13/batik-shared-resources-1.13.jar:/Users/vcons/.m2/repository/xml-apis/xml-apis-ext/1.3.04/xml-apis-ext-1.3.04.jar:/Users/vcons/.m2/repository/org/apache/xmlgraphics/batik-awt-util/1.13/batik-awt-util-1.13.jar:/Users/vcons/.m2/repository/org/apache/xmlgraphics/xmlgraphics-commons/2.4/xmlgraphics-commons-2.4.jar:/Users/vcons/.m2/repository/org/apache/xmlgraphics/batik-bridge/1.13/batik-bridge-1.13.jar:/Users/vcons/.m2/repository/org/apache/xmlgraphics/batik-codec/1.13/batik-codec-1.13.jar:/Users/vcons/.m2/repository/org/apache/xmlgraphics/batik-constants/1.13/batik-constants-1.13.jar:/Users/vcons/.m2/repository/org/apache/xmlgraphics/batik-css/1.13/batik-css-1.13.jar:/Users/vcons/.m2/repository/org/apache/xmlgraphics/batik-dom/1.13/batik-dom-1.13.jar:/Users/vcons/.m2/repository/xalan/xalan/2.7.2/xalan-2.7.2.jar:/Users/vcons/.m2/repository/xalan/serializer/2.7.2/serializer-2.7.2.jar:/Users/vcons/.m2/repository/xml-apis/xml-apis/1.4.01/xml-apis-1.4.01.jar:/Users/vcons/.m2/repository/org/apache/xmlgraphics/batik-ext/1.13/batik-ext-1.13.jar:/Users/vcons/.m2/repository/org/apache/xmlgraphics/batik-extension/1.13/batik-extension-1.13.jar:/Users/vcons/.m2/repository/org/apache/xmlgraphics/batik-gui-util/1.13/batik-gui-util-1.13.jar:/Users/vcons/.m2/repository/org/apache/xmlgraphics/batik-gvt/1.13/batik-gvt-1.13.jar:/Users/vcons/.m2/repository/org/apache/xmlgraphics/batik-i18n/1.13/batik-i18n-1.13.jar:/Users/vcons/.m2/repository/org/apache/xmlgraphics/batik-parser/1.13/batik-parser-1.13.jar:/Users/vcons/.m2/repository/org/apache/xmlgraphics/batik-rasterizer-ext/1.13/batik-rasterizer-ext-1.13.jar:/Users/vcons/.m2/repository/org/apache/xmlgraphics/batik-rasterizer/1.13/batik-rasterizer-1.13.jar:/Users/vcons/.m2/repository/org/apache/xmlgraphics/batik-script/1.13/batik-script-1.13.jar:/Users/vcons/.m2/repository/org/apache/xmlgraphics/batik-slideshow/1.13/batik-slideshow-1.13.jar:/Users/vcons/.m2/repository/org/apache/xmlgraphics/batik-squiggle-ext/1.13/batik-squiggle-ext-1.13.jar:/Users/vcons/.m2/repository/org/apache/xmlgraphics/batik-squiggle/1.13/batik-squiggle-1.13.jar:/Users/vcons/.m2/repository/org/apache/xmlgraphics/batik-svg-dom/1.13/batik-svg-dom-1.13.jar:/Users/vcons/.m2/repository/org/apache/xmlgraphics/batik-svgbrowser/1.13/batik-svgbrowser-1.13.jar:/Users/vcons/.m2/repository/org/apache/xmlgraphics/batik-svggen/1.13/batik-svggen-1.13.jar:/Users/vcons/.m2/repository/org/apache/xmlgraphics/batik-svgpp/1.13/batik-svgpp-1.13.jar:/Users/vcons/.m2/repository/org/apache/xmlgraphics/batik-svgrasterizer/1.13/batik-svgrasterizer-1.13.jar:/Users/vcons/.m2/repository/org/apache/xmlgraphics/batik-swing/1.13/batik-swing-1.13.jar:/Users/vcons/.m2/repository/org/apache/xmlgraphics/batik-transcoder/1.13/batik-transcoder-1.13.jar:/Users/vcons/.m2/repository/org/apache/xmlgraphics/batik-util/1.13/batik-util-1.13.jar:/Users/vcons/.m2/repository/org/apache/xmlgraphics/batik-ttf2svg/1.13/batik-ttf2svg-1.13.jar:/Users/vcons/.m2/repository/org/apache/xmlgraphics/batik-xml/1.13/batik-xml-1.13.jar:/Users/vcons/.m2/repository/de/rototor/pdfbox/graphics2d/0.30/graphics2d-0.30.jar:/Users/vcons/.m2/repository/org/apache/pdfbox/pdfbox/2.0.22/pdfbox-2.0.22.jar:/Users/vcons/.m2/repository/org/apache/pdfbox/fontbox/2.0.22/fontbox-2.0.22.jar:/Users/vcons/.m2/repository/org/apache/maven/plugins/maven-surefire-plugin/3.0.0-M4/maven-surefire-plugin-3.0.0-M4.jar:/Users/vcons/.m2/repository/org/apache/maven/surefire/maven-surefire-common/3.0.0-M4/maven-surefire-common-3.0.0-M4.jar:/Users/vcons/.m2/repository/org/apache/maven/surefire/surefire-api/3.0.0-M4/surefire-api-3.0.0-M4.jar:/Users/vcons/.m2/repository/org/apache/maven/surefire/surefire-logger-api/3.0.0-M4/surefire-logger-api-3.0.0-M4.jar:/Users/vcons/.m2/repository/org/apache/maven/surefire/surefire-extensions-api/3.0.0-M4/surefire-extensions-api-3.0.0-M4.jar:/Users/vcons/.m2/repository/org/apache/maven/surefire/surefire-booter/3.0.0-M4/surefire-booter-3.0.0-M4.jar:/Users/vcons/.m2/repository/org/apache/maven/maven-toolchain/3.0-alpha-2/maven-toolchain-3.0-alpha-2.jar:/Users/vcons/.m2/repository/org/apache/maven/shared/maven-artifact-transfer/0.11.0/maven-artifact-transfer-0.11.0.jar:/Users/vcons/.m2/repository/org/apache/maven/shared/maven-common-artifact-filters/3.0.1/maven-common-artifact-filters-3.0.1.jar:/Users/vcons/.m2/repository/org/apache/maven/maven-model/3.0/maven-model-3.0.jar:/Users/vcons/.m2/repository/org/apache/maven/maven-plugin-api/3.0/maven-plugin-api-3.0.jar:/Users/vcons/.m2/repository/org/sonatype/sisu/sisu-inject-plexus/1.4.2/sisu-inject-plexus-1.4.2.jar:/Users/vcons/.m2/repository/org/codehaus/plexus/plexus-classworlds/2.2.3/plexus-classworlds-2.2.3.jar:/Users/vcons/.m2/repository/org/sonatype/sisu/sisu-inject-bean/1.4.2/sisu-inject-bean-1.4.2.jar:/Users/vcons/.m2/repository/org/sonatype/sisu/sisu-guice/2.1.7/sisu-guice-2.1.7-noaop.jar:/Users/vcons/.m2/repository/org/apache/maven/shared/maven-shared-utils/3.1.0/maven-shared-utils-3.1.0.jar:/Users/vcons/.m2/repository/org/codehaus/plexus/plexus-java/1.0.3/plexus-java-1.0.3.jar:/Users/vcons/.m2/repository/com/thoughtworks/qdox/qdox/2.0-M9/qdox-2.0-M9.jar:/Users/vcons/.m2/repository/org/testng/testng/6.14.3/testng-6.14.3.jar:/Users/vcons/.m2/repository/com/beust/jcommander/1.72/jcommander-1.72.jar:/Users/vcons/.m2/repository/org/apache-extras/beanshell/bsh/2.0b6/bsh-2.0b6.jar:/Users/vcons/.m2/repository/org/slf4j/slf4j-api/2.0.0/slf4j-api-2.0.0.jar:/Users/vcons/.m2/repository/org/slf4j/slf4j-simple/2.0.0/slf4j-simple-2.0.0.jar:/Users/vcons/.m2/repository/org/projectlombok/lombok/1.18.28/lombok-1.18.28.jar:"/>
    <property name="sun.cpu.endian" value="little"/>
    <property name="user.home" value="/Users/vcons"/>
    <property name="user.language" value="en"/>
    <property name="java.specification.vendor" value="Oracle Corporation"/>
    <property name="java.version.date" value="2023-04-18"/>
    <property name="java.home" value="/Users/vcons/Library/Java/JavaVirtualMachines/corretto-11.0.19/Contents/Home"/>
    <property name="file.separator" value="/"/>
    <property name="basedir" value="/Users/vcons/Downloads/test-automation-patentrenewal"/>
    <property name="java.vm.compressedOopsMode" value="Zero based"/>
    <property name="line.separator" value="&#10;"/>
    <property name="java.specification.name" value="Java Platform API Specification"/>
    <property name="java.vm.specification.vendor" value="Oracle Corporation"/>
    <property name="java.awt.graphicsenv" value="sun.awt.CGraphicsEnvironment"/>
    <property name="browserstack.accesskey" value=""/>
    <property name="surefire.real.class.path" value="/Users/vcons/Downloads/test-automation-patentrenewal/target/surefire/surefirebooter3088124442817704738.jar"/>
    <property name="sun.management.compiler" value="HotSpot 64-Bit Tiered Compilers"/>
    <property name="java.runtime.version" value="11.0.19+7-LTS"/>
    <property name="user.name" value="vcons"/>
    <property name="path.separator" value=":"/>
    <property name="os.version" value="13.4"/>
    <property name="java.runtime.name" value="OpenJDK Runtime Environment"/>
    <property name="file.encoding" value="US-ASCII"/>
    <property name="java.vm.name" value="OpenJDK 64-Bit Server VM"/>
    <property name="java.vendor.version" value="Corretto-11.0.19.7.1"/>
    <property name="localRepository" value="/Users/vcons/.m2/repository"/>
    <property name="java.vendor.url.bug" value="https://github.com/corretto/corretto-11/issues/"/>
    <property name="java.io.tmpdir" value="/var/folders/s0/8bmz51lj64z51gwv2ynvkmg80000gn/T/"/>
    <property name="idea.version" value="2023.1.2"/>
    <property name="java.version" value="11.0.19"/>
    <property name="user.dir" value="/Users/vcons/Downloads/test-automation-patentrenewal"/>
    <property name="os.arch" value="x86_64"/>
    <property name="java.vm.specification.name" value="Java Virtual Machine Specification"/>
    <property name="java.awt.printerjob" value="sun.lwawt.macosx.CPrinterJob"/>
    <property name="browserstack.username" value=""/>
    <property name="sun.os.patch.level" value="unknown"/>
    <property name="java.library.path" value="/Users/vcons/Library/Java/Extensions:/Library/Java/Extensions:/Network/Library/Java/Extensions:/System/Library/Java/Extensions:/usr/lib/java:."/>
    <property name="java.vm.info" value="mixed mode"/>
    <property name="java.vendor" value="Amazon.com Inc."/>
    <property name="java.vm.version" value="11.0.19+7-LTS"/>
    <property name="sun.io.unicode.encoding" value="UnicodeBig"/>
    <property name="java.class.version" value="55.0"/>
  </properties>
  <testcase name="runScenario" classname="runners.SmokeTestRunner" time="0.746">
    <failure message="Exception in initializing the web driver" type="commons.exception.FrameworkException"><![CDATA[commons.exception.FrameworkException: Exception in initializing the web driver
Caused by: commons.exception.FrameworkException: 
Could not start a new session. Possible causes are invalid address of the remote server or browser start-up failure.
Build info: version: '3.141.59', revision: 'e82be7d358', time: '2018-11-14T08:17:03'
System info: host: 'Thors-MacBook-Pro.local', ip: 'fe80:0:0:0:1495:d735:e9e4:10b9%en0', os.name: 'Mac OS X', os.arch: 'x86_64', os.version: '13.4', java.version: '11.0.19'
Driver info: driver.version: RemoteWebDriver
]]></failure>
    <system-out><![CDATA[
@smoke
Scenario Outline: Verify Landing Page            # src/test/resources/functionalTests/HomePage.feature:23

@smoke
Scenario Outline: Verify Landing Page             # src/test/resources/functionalTests/HomePage.feature:13
ALL: [commons.core.WebDriverFactory] [DEBUG] &amp#27;[34mTrying to read environment properties from :>/Users/vcons/Downloads/test-automation-patentrenewal/src/test/resources/prod.properties&amp#27;[0m
ALL: [commons.core.WebDriverFactory] [DEBUG] &amp#27;[34mTrying to read environment properties from :>/Users/vcons/Downloads/test-automation-patentrenewal/src/test/resources/prod.properties&amp#27;[0m
INFO: [commons.core.CapabilitiesManagerImpl] &amp#27;[32mBrowserstack Appium capabilities - loaded:> {browserstack.appiumLogs=true, browserstack.debug=true, browserstack.networkLogs=true, browserstack.resolution=1280x800}&amp#27;[0m
INFO: [commons.core.CapabilitiesManagerImpl] &amp#27;[32mBrowserstack Appium capabilities - loaded:> {browserstack.appiumLogs=true, browserstack.debug=true, browserstack.networkLogs=true, browserstack.resolution=1280x800}&amp#27;[0m
prnting Capabilities {browser: SAFARI, browserstack.appiumLogs: true, browserstack.debug: true, browserstack.key: , browserstack.networkLogs: true, browserstack.resolution: 1280x800, browserstack.user: , build: Smoke Test PatentRenewal - ..., name: Web App PatentRenewal, os: OS X, osVersion: MONTEREY, project: PatentRenewal- Test Automation}
prnting Capabilities {browser: CHROME, browserstack.appiumLogs: true, browserstack.debug: true, browserstack.key: , browserstack.networkLogs: true, browserstack.resolution: 1280x800, browserstack.user: , build: Smoke Test PatentRenewal - ..., name: Web App PatentRenewal, os: Windows, osVersion: 11, project: PatentRenewal- Test Automation}
SEVERE: [commons.manager.web.remote.RemoteManagerRemote] &amp#27;[31mSession not created. Check remote server is up, devices, the server URL and capabilities. Could not start a new session. Possible causes are invalid address of the remote server or browser start-up failure.
Build info: version: '3.141.59', revision: 'e82be7d358', time: '2018-11-14T08:17:03'
System info: host: 'Thors-MacBook-Pro.local', ip: 'fe80:0:0:0:1495:d735:e9e4:10b9%en0', os.name: 'Mac OS X', os.arch: 'x86_64', os.version: '13.4', java.version: '11.0.19'
Driver info: driver.version: RemoteWebDriver&amp#27;[0m
SEVERE: [commons.manager.web.remote.RemoteManagerRemote] &amp#27;[31mSession not created. Check remote server is up, devices, the server URL and capabilities. Could not start a new session. Possible causes are invalid address of the remote server or browser start-up failure.
Build info: version: '3.141.59', revision: 'e82be7d358', time: '2018-11-14T08:17:03'
System info: host: 'Thors-MacBook-Pro.local', ip: 'fe80:0:0:0:1495:d735:e9e4:10b9%en0', os.name: 'Mac OS X', os.arch: 'x86_64', os.version: '13.4', java.version: '11.0.19'
Driver info: driver.version: RemoteWebDriver&amp#27;[0m
SEVERE: [commons.core.WebDriverFactory] &amp#27;[31mException in initializing the web driver. Reason: commons.exception.FrameworkException: Could not start a new session. Possible causes are invalid address of the remote server or browser start-up failure.
Build info: version: '3.141.59', revision: 'e82be7d358', time: '2018-11-14T08:17:03'
System info: host: 'Thors-MacBook-Pro.local', ip: 'fe80:0:0:0:1495:d735:e9e4:10b9%en0', os.name: 'Mac OS X', os.arch: 'x86_64', os.version: '13.4', java.version: '11.0.19'
Driver info: driver.version: RemoteWebDriver&amp#27;[0m
SEVERE: [commons.core.WebDriverFactory] &amp#27;[31mException in initializing the web driver. Reason: commons.exception.FrameworkException: Could not start a new session. Possible causes are invalid address of the remote server or browser start-up failure.
Build info: version: '3.141.59', revision: 'e82be7d358', time: '2018-11-14T08:17:03'
System info: host: 'Thors-MacBook-Pro.local', ip: 'fe80:0:0:0:1495:d735:e9e4:10b9%en0', os.name: 'Mac OS X', os.arch: 'x86_64', os.version: '13.4', java.version: '11.0.19'
Driver info: driver.version: RemoteWebDriver&amp#27;[0m
  Given the user spins up the "browser5" browser # stepDefinitions.CommonStepDef.theUserSpinsUpTheBrowser(java.lang.String)
      commons.exception.FrameworkException: Exception in initializing the web driver
	at commons.core.WebDriverFactory.initializeWebDriver(WebDriverFactory.java:114)
	at utils.DriverInstance.setUpBrowserOnAnyGivenDevice(DriverInstance.java:19)
	at stepDefinitions.CommonStepDef.theUserSpinsUpTheBrowser(CommonStepDef.java:18)
	at ���.the user spins up the "browser5" browser(file:///Users/vcons/Downloads/test-automation-patentrenewal/src/test/resources/functionalTests/HomePage.feature:17)
Caused by: commons.exception.FrameworkException: Could not start a new session. Possible causes are invalid address of the remote server or browser start-up failure.
Build info: version: '3.141.59', revision: 'e82be7d358', time: '2018-11-14T08:17:03'
System info: host: 'Thors-MacBook-Pro.local', ip: 'fe80:0:0:0:1495:d735:e9e4:10b9%en0', os.name: 'Mac OS X', os.arch: 'x86_64', os.version: '13.4', java.version: '11.0.19'
Driver info: driver.version: RemoteWebDriver
	at commons.manager.web.remote.RemoteManagerRemote.getDriver(RemoteManagerRemote.java:56)
	at commons.manager.web.remote.RemoteManagerRemote.getDriver(RemoteManagerRemote.java:29)
	at commons.core.DriverManager.initializeBrowserstackWebDriver(DriverManager.java:39)
	at commons.core.WebDriverFactory.initializeWebDriver(WebDriverFactory.java:74)
	at utils.DriverInstance.setUpBrowserOnAnyGivenDevice(DriverInstance.java:19)
	at stepDefinitions.CommonStepDef.theUserSpinsUpTheBrowser(CommonStepDef.java:18)
	at java.base/jdk.internal.reflect.NativeMethodAccessorImpl.invoke0(Native Method)
	at java.base/jdk.internal.reflect.NativeMethodAccessorImpl.invoke(NativeMethodAccessorImpl.java:62)
	at java.base/jdk.internal.reflect.DelegatingMethodAccessorImpl.invoke(DelegatingMethodAccessorImpl.java:43)
	at java.base/java.lang.reflect.Method.invoke(Method.java:566)
	at io.cucumber.java.Invoker.doInvoke(Invoker.java:66)
	at io.cucumber.java.Invoker.invoke(Invoker.java:24)
	at io.cucumber.java.AbstractGlueDefinition.invokeMethod(AbstractGlueDefinition.java:47)
	at io.cucumber.java.JavaStepDefinition.execute(JavaStepDefinition.java:29)
	at io.cucumber.core.runner.CoreStepDefinition.execute(CoreStepDefinition.java:66)
	at io.cucumber.core.runner.PickleStepDefinitionMatch.runStep(PickleStepDefinitionMatch.java:63)
	at io.cucumber.core.runner.ExecutionMode$1.execute(ExecutionMode.java:10)
	at io.cucumber.core.runner.TestStep.executeStep(TestStep.java:92)
	at io.cucumber.core.runner.TestStep.run(TestStep.java:64)
	at io.cucumber.core.runner.PickleStepTestStep.run(PickleStepTestStep.java:51)
	at io.cucumber.core.runner.TestCase.run(TestCase.java:104)
	at io.cucumber.core.runner.Runner.runPickle(Runner.java:73)
	at io.cucumber.testng.TestNGCucumberRunner.lambda$runScenario$0(TestNGCucumberRunner.java:117)
	at io.cucumber.core.runtime.CucumberExecutionContext.runTestCase(CucumberExecutionContext.java:117)
	at io.cucumber.testng.TestNGCucumberRunner.runScenario(TestNGCucumberRunner.java:114)
	at io.cucumber.testng.AbstractTestNGCucumberTests.runScenario(AbstractTestNGCucumberTests.java:31)
	at java.base/jdk.internal.reflect.NativeMethodAccessorImpl.invoke0(Native Method)
	at java.base/jdk.internal.reflect.NativeMethodAccessorImpl.invoke(NativeMethodAccessorImpl.java:62)
	at java.base/jdk.internal.reflect.DelegatingMethodAccessorImpl.invoke(DelegatingMethodAccessorImpl.java:43)
	at java.base/java.lang.reflect.Method.invoke(Method.java:566)
	at org.testng.internal.MethodInvocationHelper.invokeMethod(MethodInvocationHelper.java:124)
	at org.testng.internal.Invoker.invokeMethod(Invoker.java:583)
	at org.testng.internal.Invoker.invokeTestMethod(Invoker.java:719)
	at org.testng.internal.TestMethodWithDataProviderMethodWorker.call(TestMethodWithDataProviderMethodWorker.java:71)
	at org.testng.internal.TestMethodWithDataProviderMethodWorker.call(TestMethodWithDataProviderMethodWorker.java:14)
	at java.base/java.util.concurrent.FutureTask.run(FutureTask.java:264)
	at java.base/java.util.concurrent.Executors$RunnableAdapter.call(Executors.java:515)
	at java.base/java.util.concurrent.FutureTask.run(FutureTask.java:264)
	at java.base/java.util.concurrent.ThreadPoolExecutor.runWorker(ThreadPoolExecutor.java:1128)
	at java.base/java.util.concurrent.ThreadPoolExecutor$Worker.run(ThreadPoolExecutor.java:628)
	at java.base/java.lang.Thread.run(Thread.java:829)

  Given the user spins up the "browser3" browser  # stepDefinitions.CommonStepDef.theUserSpinsUpTheBrowser(java.lang.String)
      commons.exception.FrameworkException: Exception in initializing the web driver
	at commons.core.WebDriverFactory.initializeWebDriver(WebDriverFactory.java:114)
	at utils.DriverInstance.setUpBrowserOnAnyGivenDevice(DriverInstance.java:19)
	at stepDefinitions.CommonStepDef.theUserSpinsUpTheBrowser(CommonStepDef.java:18)
	at ���.the user spins up the "browser3" browser(file:///Users/vcons/Downloads/test-automation-patentrenewal/src/test/resources/functionalTests/HomePage.feature:7)
Caused by: commons.exception.FrameworkException: Could not start a new session. Possible causes are invalid address of the remote server or browser start-up failure.
Build info: version: '3.141.59', revision: 'e82be7d358', time: '2018-11-14T08:17:03'
System info: host: 'Thors-MacBook-Pro.local', ip: 'fe80:0:0:0:1495:d735:e9e4:10b9%en0', os.name: 'Mac OS X', os.arch: 'x86_64', os.version: '13.4', java.version: '11.0.19'
Driver info: driver.version: RemoteWebDriver
	at commons.manager.web.remote.RemoteManagerRemote.getDriver(RemoteManagerRemote.java:56)
	at commons.manager.web.remote.RemoteManagerRemote.getDriver(RemoteManagerRemote.java:29)
	at commons.core.DriverManager.initializeBrowserstackWebDriver(DriverManager.java:39)
	at commons.core.WebDriverFactory.initializeWebDriver(WebDriverFactory.java:74)
	at utils.DriverInstance.setUpBrowserOnAnyGivenDevice(DriverInstance.java:19)
	at stepDefinitions.CommonStepDef.theUserSpinsUpTheBrowser(CommonStepDef.java:18)
	at java.base/jdk.internal.reflect.NativeMethodAccessorImpl.invoke0(Native Method)
	at java.base/jdk.internal.reflect.NativeMethodAccessorImpl.invoke(NativeMethodAccessorImpl.java:62)
	at java.base/jdk.internal.reflect.DelegatingMethodAccessorImpl.invoke(DelegatingMethodAccessorImpl.java:43)
	at java.base/java.lang.reflect.Method.invoke(Method.java:566)
	at io.cucumber.java.Invoker.doInvoke(Invoker.java:66)
	at io.cucumber.java.Invoker.invoke(Invoker.java:24)
	at io.cucumber.java.AbstractGlueDefinition.invokeMethod(AbstractGlueDefinition.java:47)
	at io.cucumber.java.JavaStepDefinition.execute(JavaStepDefinition.java:29)
	at io.cucumber.core.runner.CoreStepDefinition.execute(CoreStepDefinition.java:66)
	at io.cucumber.core.runner.PickleStepDefinitionMatch.runStep(PickleStepDefinitionMatch.java:63)
	at io.cucumber.core.runner.ExecutionMode$1.execute(ExecutionMode.java:10)
	at io.cucumber.core.runner.TestStep.executeStep(TestStep.java:92)
	at io.cucumber.core.runner.TestStep.run(TestStep.java:64)
	at io.cucumber.core.runner.PickleStepTestStep.run(PickleStepTestStep.java:51)
	at io.cucumber.core.runner.TestCase.run(TestCase.java:104)
	at io.cucumber.core.runner.Runner.runPickle(Runner.java:73)
	at io.cucumber.testng.TestNGCucumberRunner.lambda$runScenario$0(TestNGCucumberRunner.java:117)
	at io.cucumber.core.runtime.CucumberExecutionContext.runTestCase(CucumberExecutionContext.java:117)
	at io.cucumber.testng.TestNGCucumberRunner.runScenario(TestNGCucumberRunner.java:114)
	at io.cucumber.testng.AbstractTestNGCucumberTests.runScenario(AbstractTestNGCucumberTests.java:31)
	at java.base/jdk.internal.reflect.NativeMethodAccessorImpl.invoke0(Native Method)
	at java.base/jdk.internal.reflect.NativeMethodAccessorImpl.invoke(NativeMethodAccessorImpl.java:62)
	at java.base/jdk.internal.reflect.DelegatingMethodAccessorImpl.invoke(DelegatingMethodAccessorImpl.java:43)
	at java.base/java.lang.reflect.Method.invoke(Method.java:566)
	at org.testng.internal.MethodInvocationHelper.invokeMethod(MethodInvocationHelper.java:124)
	at org.testng.internal.Invoker.invokeMethod(Invoker.java:583)
	at org.testng.internal.Invoker.invokeTestMethod(Invoker.java:719)
	at org.testng.internal.TestMethodWithDataProviderMethodWorker.call(TestMethodWithDataProviderMethodWorker.java:71)
	at org.testng.internal.TestMethodWithDataProviderMethodWorker.call(TestMethodWithDataProviderMethodWorker.java:14)
	at java.base/java.util.concurrent.FutureTask.run(FutureTask.java:264)
	at java.base/java.util.concurrent.Executors$RunnableAdapter.call(Executors.java:515)
	at java.base/java.util.concurrent.FutureTask.run(FutureTask.java:264)
	at java.base/java.util.concurrent.ThreadPoolExecutor.runWorker(ThreadPoolExecutor.java:1128)
	at java.base/java.util.concurrent.ThreadPoolExecutor$Worker.run(ThreadPoolExecutor.java:628)
	at java.base/java.lang.Thread.run(Thread.java:829)

  When user should be land on home page           # stepDefinitions.LandingPageStepDef.userShouldBeLandOnHomePage()
  And user should be land on home page           # stepDefinitions.LandingPageStepDef.userShouldBeLandOnHomePage()
  Then user is able to chat with the support team # stepDefinitions.LandingPageStepDef.userIsAbleToChatWithTheSupportTeam()
  When user clicks on Get Started button         # stepDefinitions.LandingPageStepDef.userClicksOnGetStartedButton()
]]></system-out>
  </testcase>
  <testcase name="runScenario" classname="runners.SmokeTestRunner" time="0.747">
    <failure message="Exception in initializing the web driver" type="commons.exception.FrameworkException"><![CDATA[commons.exception.FrameworkException: Exception in initializing the web driver
Caused by: commons.exception.FrameworkException: 
Could not start a new session. Possible causes are invalid address of the remote server or browser start-up failure.
Build info: version: '3.141.59', revision: 'e82be7d358', time: '2018-11-14T08:17:03'
System info: host: 'Thors-MacBook-Pro.local', ip: 'fe80:0:0:0:1495:d735:e9e4:10b9%en0', os.name: 'Mac OS X', os.arch: 'x86_64', os.version: '13.4', java.version: '11.0.19'
Driver info: driver.version: RemoteWebDriver
]]></failure>
  </testcase>
</testsuite>